#
# There is insufficient memory for the Java Runtime Environment to continue.
# Native memory allocation (mmap) failed to map 201326592 bytes for G1 virtual space
# Possible reasons:
#   The system is out of physical RAM or swap space
#   The process is running with CompressedOops enabled, and the Java Heap may be blocking the growth of the native heap
# Possible solutions:
#   Reduce memory load on the system
#   Increase physical memory or swap space
#   Check if swap backing store is full
#   Decrease Java heap size (-Xmx/-Xms)
#   Decrease number of Java threads
#   Decrease Java thread stack sizes (-Xss)
#   Set larger code cache with -XX:ReservedCodeCacheSize=
#   JVM is running with Zero Based Compressed Oops mode in which the Java heap is
#     placed in the first 32GB address space. The Java Heap base address is the
#     maximum limit for the native heap growth. Please use -XX:HeapBaseMinAddress
#     to set the Java Heap base and to place the Java Heap above 32GB virtual address.
# This output file may be truncated or incomplete.
#
#  Out of Memory Error (os_windows.cpp:3769), pid=5012, tid=11164
#
# JRE version:  (17.0.6) (build )
# Java VM: OpenJDK 64-Bit Server VM (17.0.6+0-b2043.56-10027231, mixed mode, sharing, tiered, compressed oops, compressed class ptrs, g1 gc, windows-amd64)
# No core dump will be written. Minidumps are not enabled by default on client versions of Windows
#

---------------  S U M M A R Y ------------

Command Line: org.jetbrains.kotlin.cli.jvm.K2JVMCompiler @E:\sem 3\Mobile\RecyclerView\app\build\20231107_4412440090571436754.compiler.options

Host: Intel(R) Core(TM) i3-8130U CPU @ 2.20GHz, 4 cores, 11G,  Windows 10 , 64 bit Build 19041 (10.0.19041.3570)
Time: Tue Nov  7 23:41:53 2023 SE Asia Standard Time elapsed time: 0.031690 seconds (0d 0h 0m 0s)

---------------  T H R E A D  ---------------

Current thread (0x0000027f56fc7790):  JavaThread "Unknown thread" [_thread_in_vm, id=11164, stack(0x000000818e200000,0x000000818e300000)]

Stack: [0x000000818e200000,0x000000818e300000]
Native frames: (J=compiled Java code, j=interpreted, Vv=VM code, C=native code)
V  [jvm.dll+0x683c9a]
V  [jvm.dll+0x8427a4]
V  [jvm.dll+0x843f9e]
V  [jvm.dll+0x844603]
V  [jvm.dll+0x249b75]
V  [jvm.dll+0x680b69]
V  [jvm.dll+0x67505a]
V  [jvm.dll+0x309acb]
V  [jvm.dll+0x310f86]
V  [jvm.dll+0x3608ee]
V  [jvm.dll+0x360b1f]
V  [jvm.dll+0x2dfbf8]
V  [jvm.dll+0x2e0b64]
V  [jvm.dll+0x814091]
V  [jvm.dll+0x36e6a1]
V  [jvm.dll+0x7f35cc]
V  [jvm.dll+0x3f0e8f]
V  [jvm.dll+0x3f29d1]
C  [jli.dll+0x526b]
C  [ucrtbase.dll+0x21bb2]
C  [KERNEL32.DLL+0x17344]
C  [ntdll.dll+0x526b1]


---------------  P R O C E S S  ---------------

Threads class SMR info:
_java_thread_list=0x00007ffe8512c058, length=0, elements={
}

Java Threads: ( => current thread )

Other Threads:
  0x0000027f57020ba0 GCTaskThread "GC Thread#0" [stack: 0x000000818e400000,0x000000818e500000] [id=13852]
  0x0000027f5702d8f0 ConcurrentGCThread "G1 Main Marker" [stack: 0x000000818e500000,0x000000818e600000] [id=15740]
  0x0000027f5702e300 ConcurrentGCThread "G1 Conc#0" [stack: 0x000000818e600000,0x000000818e700000] [id=15268]

[error occurred during error reporting (printing all threads), id 0xc0000005, EXCEPTION_ACCESS_VIOLATION (0xc0000005) at pc=0x00007ffe848e0797]

VM state: not at safepoint (not fully initialized)

VM Mutex/Monitor currently owned by a thread:  ([mutex/lock_event])
[0x0000027f56fc1880] Heap_lock - owner thread: 0x0000027f56fc7790

Heap address: 0x0000000741e00000, size: 3042 MB, Compressed Oops mode: Zero based, Oop shift amount: 3

CDS archive(s) mapped at: [0x0000000000000000-0x0000000000000000-0x0000000000000000), size 0, SharedBaseAddress: 0x0000000800000000, ArchiveRelocationMode: 0.
Narrow klass base: 0x0000000000000000, Narrow klass shift: 0, Narrow klass range: 0x0

GC Precious Log:
<Empty>

Heap:
 garbage-first heap   total 0K, used 0K [0x0000000741e00000, 0x0000000800000000)
  region size 2048K, 0 young (0K), 0 survivors (0K)

[error occurred during error reporting (printing heap information), id 0xc0000005, EXCEPTION_ACCESS_VIOLATION (0xc0000005) at pc=0x00007ffe84ccda89]

GC Heap History (0 events):
No events

Dll operation events (1 events):
Event: 0.009 Loaded shared library E:\AndroidStudio\jbr\bin\java.dll

Deoptimization events (0 events):
No events

Classes unloaded (0 events):
No events

Classes redefined (0 events):
No events

Internal exceptions (0 events):
No events

VM Operations (0 events):
No events

Events (0 events):
No events


Dynamic libraries:
0x00007ff7a90b0000 - 0x00007ff7a90ba000 	E:\AndroidStudio\jbr\bin\java.exe
0x00007ffed9670000 - 0x00007ffed9867000 	C:\Windows\SYSTEM32\ntdll.dll
0x00007ffed8740000 - 0x00007ffed87fd000 	C:\Windows\System32\KERNEL32.DLL
0x00007ffed7290000 - 0x00007ffed7586000 	C:\Windows\System32\KERNELBASE.dll
0x00007ffed6d80000 - 0x00007ffed6e80000 	C:\Windows\System32\ucrtbase.dll
0x00007ffec9620000 - 0x00007ffec9637000 	E:\AndroidStudio\jbr\bin\jli.dll
0x00007ffed7770000 - 0x00007ffed790e000 	C:\Windows\System32\USER32.dll
0x00007ffed6ef0000 - 0x00007ffed6f12000 	C:\Windows\System32\win32u.dll
0x00007ffed8f50000 - 0x00007ffed8f7c000 	C:\Windows\System32\GDI32.dll
0x00007ffed1500000 - 0x00007ffed151b000 	E:\AndroidStudio\jbr\bin\VCRUNTIME140.dll
0x00007ffed6f20000 - 0x00007ffed703a000 	C:\Windows\System32\gdi32full.dll
0x00007ffed71f0000 - 0x00007ffed728d000 	C:\Windows\System32\msvcp_win.dll
0x00007ffebecd0000 - 0x00007ffebef6a000 	C:\Windows\WinSxS\amd64_microsoft.windows.common-controls_6595b64144ccf1df_6.0.19041.3570_none_60bb2a3971f3e41a\COMCTL32.dll
0x00007ffed76d0000 - 0x00007ffed776e000 	C:\Windows\System32\msvcrt.dll
0x00007ffed7dd0000 - 0x00007ffed7e00000 	C:\Windows\System32\IMM32.DLL
0x00007ffed1820000 - 0x00007ffed182c000 	E:\AndroidStudio\jbr\bin\vcruntime140_1.dll
0x00007ffec57a0000 - 0x00007ffec582d000 	E:\AndroidStudio\jbr\bin\msvcp140.dll
0x00007ffe845f0000 - 0x00007ffe8525e000 	E:\AndroidStudio\jbr\bin\server\jvm.dll
0x00007ffed7ee0000 - 0x00007ffed7f8e000 	C:\Windows\System32\ADVAPI32.dll
0x00007ffed7910000 - 0x00007ffed79ac000 	C:\Windows\System32\sechost.dll
0x00007ffed9370000 - 0x00007ffed9496000 	C:\Windows\System32\RPCRT4.dll
0x00007ffed2bb0000 - 0x00007ffed2bb9000 	C:\Windows\SYSTEM32\WSOCK32.dll
0x00007ffed7f90000 - 0x00007ffed7ffb000 	C:\Windows\System32\WS2_32.dll
0x00007ffec3470000 - 0x00007ffec3497000 	C:\Windows\SYSTEM32\WINMM.dll
0x00007ffece410000 - 0x00007ffece41a000 	C:\Windows\SYSTEM32\VERSION.dll
0x00007ffed4bf0000 - 0x00007ffed4c02000 	C:\Windows\SYSTEM32\kernel.appcore.dll
0x00007ffed1e80000 - 0x00007ffed1e8a000 	E:\AndroidStudio\jbr\bin\jimage.dll
0x00007ffec2910000 - 0x00007ffec2af4000 	C:\Windows\SYSTEM32\DBGHELP.DLL
0x00007ffeb8f60000 - 0x00007ffeb8f94000 	C:\Windows\SYSTEM32\dbgcore.DLL
0x00007ffed7590000 - 0x00007ffed7612000 	C:\Windows\System32\bcryptPrimitives.dll
0x00007ffed1940000 - 0x00007ffed1965000 	E:\AndroidStudio\jbr\bin\java.dll

dbghelp: loaded successfully - version: 4.0.5 - missing functions: none
symbol engine: initialized successfully - sym options: 0x614 - pdb path: .;E:\AndroidStudio\jbr\bin;C:\Windows\SYSTEM32;C:\Windows\WinSxS\amd64_microsoft.windows.common-controls_6595b64144ccf1df_6.0.19041.3570_none_60bb2a3971f3e41a;E:\AndroidStudio\jbr\bin\server

VM Arguments:
java_command: org.jetbrains.kotlin.cli.jvm.K2JVMCompiler @E:\sem 3\Mobile\RecyclerView\app\build\20231107_4412440090571436754.compiler.options
java_class_path (initial): E:\sem 3\Mobile\Calculator\caches\modules-2\files-2.1\org.jetbrains.kotlin\kotlin-compiler-embeddable\1.9.0\2c8c3a7402becca891f12739b3e9fd2dc2adbd7a\kotlin-compiler-embeddable-1.9.0.jar;E:\sem 3\Mobile\Calculator\caches\modules-2\files-2.1\org.jetbrains.kotlin\kotlin-stdlib\1.9.0\8ee15ef0c67dc83d874f412d84378d7f0eb50b63\kotlin-stdlib-1.9.0.jar;E:\sem 3\Mobile\Calculator\caches\modules-2\files-2.1\org.jetbrains.kotlin\kotlin-script-runtime\1.9.0\4b3102cbbb7e1b58d9d1adf89563f00069ffa7d1\kotlin-script-runtime-1.9.0.jar;E:\sem 3\Mobile\Calculator\caches\modules-2\files-2.1\org.jetbrains.kotlin\kotlin-reflect\1.6.10\1cbe9c92c12a94eea200d23c2bbaedaf3daf5132\kotlin-reflect-1.6.10.jar;E:\sem 3\Mobile\Calculator\caches\modules-2\files-2.1\org.jetbrains.kotlin\kotlin-daemon-embeddable\1.9.0\186543f5e28cf8d9a0290fecc2cf34301c40a65c\kotlin-daemon-embeddable-1.9.0.jar;E:\sem 3\Mobile\Calculator\caches\modules-2\files-2.1\org.jetbrains.intellij.deps\trove4j\1.0.20200330\3afb14d5f9ceb459d724e907a21145e8ff394f02\trove4j-1.0.20200330.jar;E:\sem 3\Mobile\Calculator\caches\modules-2\files-2.1\org.jetbrains.kotlin\kotlin-stdlib-common\1.9.0\cd65c21cfd1eec4d44ef09f9f52b6d9f8a720636\kotlin-stdlib-common-1.9.0.jar;E:\sem 3\Mobile\Calculator\caches\modules-2\files-2.1\org.jetbrains\annotations\13.0\919f0dfe192fb4e063e7dacadee7f8bb9a2672a9\annotations-13.0.jar
Launcher Type: SUN_STANDARD

[Global flags]
     intx CICompilerCount                          = 3                                         {product} {ergonomic}
     uint ConcGCThreads                            = 1                                         {product} {ergonomic}
     uint G1ConcRefinementThreads                  = 4                                         {product} {ergonomic}
   size_t G1HeapRegionSize                         = 2097152                                   {product} {ergonomic}
    uintx GCDrainStackTargetSize                   = 64                                        {product} {ergonomic}
   size_t InitialHeapSize                          = 201326592                                 {product} {ergonomic}
   size_t MarkStackSize                            = 4194304                                   {product} {ergonomic}
   size_t MaxHeapSize                              = 3189768192                                {product} {ergonomic}
   size_t MinHeapDeltaBytes                        = 2097152                                   {product} {ergonomic}
   size_t MinHeapSize                              = 8388608                                   {product} {ergonomic}
    uintx NonNMethodCodeHeapSize                   = 5832780                                {pd product} {ergonomic}
    uintx NonProfiledCodeHeapSize                  = 122912730                              {pd product} {ergonomic}
    uintx ProfiledCodeHeapSize                     = 122912730                              {pd product} {ergonomic}
    uintx ReservedCodeCacheSize                    = 251658240                              {pd product} {ergonomic}
     bool SegmentedCodeCache                       = true                                      {product} {ergonomic}
   size_t SoftMaxHeapSize                          = 3189768192                             {manageable} {ergonomic}
     bool UseCompressedClassPointers               = true                           {product lp64_product} {ergonomic}
     bool UseCompressedOops                        = true                           {product lp64_product} {ergonomic}
     bool UseG1GC                                  = true                                      {product} {ergonomic}
     bool UseLargePagesIndividualAllocation        = false                                  {pd product} {ergonomic}

Logging:
Log output configuration:
 #0: stdout all=warning uptime,level,tags
 #1: stderr all=off uptime,level,tags

Environment Variables:
PATH=C:\Program Files\Common Files\Oracle\Java\javapath;C:\Windows\system32;C:\Windows;C:\Windows\System32\Wbem;C:\Windows\System32\WindowsPowerShell\v1.0\;C:\Windows\System32\OpenSSH\;C:\Users\ACER\AppData\Local\Programs\Python\Python310\Python.exe;I:\belajar python\00 - Template;C:\Program Files (x86)\NVIDIA Corporation\PhysX\Common;C:\Program Files\dotnet\;D:\xampp\php;C:\ProgramData\ComposerSetup\bin;C:\Program Files\Git\cmd;C:\Program Files\nodejs\;C:\Users\ACER\AppData\Local\Programs\Python\Python310\Scripts\;C:\Users\ACER\AppData\Local\Programs\Python\Python310\;C:\Users\ACER\AppData\Local\Microsoft\WindowsApps;C:\Users\ACER\AppData\Local\Programs\Microsoft VS Code\bin;C:\Users\ACER\AppData\Roaming\Composer\vendor\bin;C:\Users\ACER\AppData\Roaming\npm
USERNAME=ACER
OS=Windows_NT
PROCESSOR_IDENTIFIER=Intel64 Family 6 Model 142 Stepping 10, GenuineIntel
TMP=C:\Users\ACER\AppData\Local\Temp
TEMP=C:\Users\ACER\AppData\Local\Temp


JNI global refs:

[error occurred during error reporting (JNI global references), id 0xc0000005, EXCEPTION_ACCESS_VIOLATION (0xc0000005) at pc=0x00007ffe846a7a10]


---------------  S Y S T E M  ---------------

OS:
 Windows 10 , 64 bit Build 19041 (10.0.19041.3570)
OS uptime: 2 days 5:46 hours

CPU: total 4 (initial active 4) (2 cores per cpu, 2 threads per core) family 6 model 142 stepping 10 microcode 0xb4, cx8, cmov, fxsr, ht, mmx, 3dnowpref, sse, sse2, sse3, ssse3, sse4.1, sse4.2, popcnt, lzcnt, tsc, tscinvbit, avx, avx2, aes, erms, clmul, bmi1, bmi2, adx, fma, vzeroupper, clflush, clflushopt

Memory: 4k page, system-wide physical 12165M (743M free)
TotalPageFile size 17285M (AvailPageFile size 70M)
current process WorkingSet (physical memory assigned to process): 10M, peak: 10M
current process commit charge ("private bytes"): 51M, peak: 243M

vm_info: OpenJDK 64-Bit Server VM (17.0.6+0-b2043.56-10027231) for windows-amd64 JRE (17.0.6+0-b2043.56-10027231), built on Apr 28 2023 00:43:19 by "androidbuild" with MS VC++ 16.10 / 16.11 (VS2019)

END.
